app/build/outputs/logs/manifest-merger-debug-report.txt
-- Merging decision tree log ---
manifest
ADDED from AndroidManifest.xml:2:1
	xmlns:android
		ADDED from AndroidManifest.xml:2:11
	package
		ADDED from AndroidManifest.xml:3:5
		INJECTED from AndroidManifest.xml:0:0
		INJECTED from AndroidManifest.xml:0:0
	android:versionName
		INJECTED from AndroidManifest.xml:0:0
		INJECTED from AndroidManifest.xml:0:0
	android:versionCode
		INJECTED from AndroidManifest.xml:0:0
		INJECTED from AndroidManifest.xml:0:0
uses-permission#android.permission.ACCESS_WIFI_STATE
ADDED from AndroidManifest.xml:7:5
	android:name
		ADDED from AndroidManifest.xml:7:22
uses-permission#android.permission.FLASHLIGHT
ADDED from AndroidManifest.xml:9:5
	android:name
		ADDED from AndroidManifest.xml:9:22
uses-permission#android.permission.VIBRATE
ADDED from AndroidManifest.xml:10:5
	android:name
		ADDED from AndroidManifest.xml:10:22
uses-permission#android.permission.READ_EXTERNAL_STORAGE
ADDED from AndroidManifest.xml:12:5
	android:name
		ADDED from AndroidManifest.xml:12:22
uses-permission#android.permission.CAMERA
ADDED from AndroidManifest.xml:15:5
	android:name
		ADDED from AndroidManifest.xml:15:22
uses-permission#android.permission.RECORD_AUDIO
ADDED from AndroidManifest.xml:16:5
	android:name
		ADDED from AndroidManifest.xml:16:22
uses-permission#android.permission.READ_PHONE_STATE
ADDED from AndroidManifest.xml:17:5
	android:name
		ADDED from AndroidManifest.xml:17:22
uses-permission#android.permission.BLUETOOTH
ADDED from AndroidManifest.xml:20:5
	android:name
		ADDED from AndroidManifest.xml:20:22
uses-permission#android.permission.BLUETOOTH_ADMIN
ADDED from AndroidManifest.xml:21:5
	android:name
		ADDED from AndroidManifest.xml:21:22
uses-permission#android.permission.MODIFY_AUDIO_SETTINGS
ADDED from AndroidManifest.xml:22:5
	android:name
		ADDED from AndroidManifest.xml:22:22
permission#com.woyeyo.woyeyo.permission.RECEIVE_MSG
ADDED from AndroidManifest.xml:26:5
	android:protectionLevel
		ADDED from AndroidManifest.xml:28:9
	android:name
		ADDED from AndroidManifest.xml:27:9
uses-permission#com.woyeyo.woyeyo.permission.RECEIVE_MSG
ADDED from AndroidManifest.xml:30:5
	android:name
		ADDED from AndroidManifest.xml:30:22
uses-permission#android.permission.INTERNET
ADDED from AndroidManifest.xml:31:5
	android:name
		ADDED from AndroidManifest.xml:31:22
uses-permission#android.permission.WRITE_EXTERNAL_STORAGE
ADDED from AndroidManifest.xml:32:5
	android:name
		ADDED from AndroidManifest.xml:32:22
uses-permission#android.permission.ACCESS_NETWORK_STATE
ADDED from AndroidManifest.xml:33:5
	android:name
		ADDED from AndroidManifest.xml:33:22
application
ADDED from AndroidManifest.xml:35:5
MERGED from com.melnykov:floatingactionbutton:1.3.0:12:5
MERGED from com.android.support:support-v4:23.2.0:22:5
MERGED from com.android.support:appcompat-v7:23.1.1:22:5
MERGED from com.android.support:support-v4:23.2.0:22:5
MERGED from com.android.support:appcompat-v7:23.1.1:22:5
MERGED from com.android.support:support-v4:23.2.0:22:5
MERGED from com.android.support:appcompat-v7:23.1.1:22:5
MERGED from com.android.support:support-v4:23.2.0:22:5
MERGED from com.android.support:support-v4:23.2.0:22:5
MERGED from com.android.support:appcompat-v7:23.1.1:22:5
MERGED from com.android.support:support-v4:23.2.0:22:5
MERGED from com.android.support:support-v4:23.2.0:22:5
MERGED from com.android.support:design:23.1.1:22:5
MERGED from com.android.support:appcompat-v7:23.1.1:22:5
MERGED from com.android.support:support-v4:23.2.0:22:5
MERGED from com.android.support:support-v4:23.2.0:22:5
MERGED from com.android.support:support-v4:23.2.0:22:5
MERGED from com.android.support:appcompat-v7:23.1.1:22:5
MERGED from com.android.support:support-v4:23.2.0:22:5
MERGED from com.android.support:appcompat-v7:23.1.1:22:5
MERGED from com.android.support:support-v4:23.2.0:22:5
MERGED from in.srain.cube:ultra-ptr:1.0.11:11:5
MERGED from com.jakewharton.timber:timber:4.1.1:8:5
MERGED from com.android.support:support-v4:23.2.0:22:5
MERGED from WoYeYo:uikit:unspecified:9:5
MERGED from com.android.support:appcompat-v7:23.1.1:22:5
MERGED from com.android.support:support-v4:23.2.0:22:5
	android:label
		ADDED from AndroidManifest.xml:39:9
	android:allowBackup
		ADDED from AndroidManifest.xml:37:9
	android:icon
		ADDED from AndroidManifest.xml:38:9
	android:theme
		ADDED from AndroidManifest.xml:40:9
	android:name
		ADDED from AndroidManifest.xml:36:9
meta-data#com.netease.nim.appKey
ADDED from AndroidManifest.xml:53:9
	android:name
		ADDED from AndroidManifest.xml:54:13
	android:value
		ADDED from AndroidManifest.xml:55:13
service#com.netease.nimlib.service.NimService
ADDED from AndroidManifest.xml:58:9
	android:process
		ADDED from AndroidManifest.xml:60:13
	android:name
		ADDED from AndroidManifest.xml:59:13
service#com.netease.nimlib.service.NimService$Aux
ADDED from AndroidManifest.xml:61:9
	android:process
		ADDED from AndroidManifest.xml:63:13
	android:name
		ADDED from AndroidManifest.xml:62:13
uses-library#com.google.android.maps
ADDED from AndroidManifest.xml:65:9
	android:required
		ADDED from AndroidManifest.xml:67:13
	android:name
		ADDED from AndroidManifest.xml:66:13
activity#com.woyeyo.woyeyo.im.main.activity.WelcomeActivity
ADDED from AndroidManifest.xml:70:9
	android:windowSoftInputMode
		ADDED from AndroidManifest.xml:78:13
	android:screenOrientation
		ADDED from AndroidManifest.xml:76:13
	android:label
		ADDED from AndroidManifest.xml:74:13
	android:configChanges
		ADDED from AndroidManifest.xml:72:13
	android:theme
		ADDED from AndroidManifest.xml:77:13
	android:hardwareAccelerated
		ADDED from AndroidManifest.xml:73:13
	android:name
		ADDED from AndroidManifest.xml:71:13
	android:launchMode
		ADDED from AndroidManifest.xml:75:13
intent-filter#android.intent.action.MAIN+android.intent.category.LAUNCHER+android.intent.category.MULTIWINDOW_LAUNCHER
ADDED from AndroidManifest.xml:79:13
action#android.intent.action.MAIN
ADDED from AndroidManifest.xml:80:17
	android:name
		ADDED from AndroidManifest.xml:80:25
category#android.intent.category.LAUNCHER
ADDED from AndroidManifest.xml:82:17
	android:name
		ADDED from AndroidManifest.xml:82:27
category#android.intent.category.MULTIWINDOW_LAUNCHER
ADDED from AndroidManifest.xml:83:17
	android:name
		ADDED from AndroidManifest.xml:83:27
activity#com.woyeyo.woyeyo.im.main.activity.MainActivity
ADDED from AndroidManifest.xml:88:9
	android:windowSoftInputMode
		ADDED from AndroidManifest.xml:94:13
	android:screenOrientation
		ADDED from AndroidManifest.xml:93:13
	android:configChanges
		ADDED from AndroidManifest.xml:90:13
	android:hardwareAccelerated
		ADDED from AndroidManifest.xml:91:13
	android:name
		ADDED from AndroidManifest.xml:89:13
	android:launchMode
		ADDED from AndroidManifest.xml:92:13
activity#com.woyeyo.woyeyo.im.main.activity.MultiportActivity
ADDED from AndroidManifest.xml:98:9
	android:windowSoftInputMode
		ADDED from AndroidManifest.xml:102:13
	android:screenOrientation
		ADDED from AndroidManifest.xml:101:13
	android:configChanges
		ADDED from AndroidManifest.xml:100:13
	android:name
		ADDED from AndroidManifest.xml:99:13
activity#com.woyeyo.woyeyo.im.login.LoginActivity
ADDED from AndroidManifest.xml:106:9
	android:windowSoftInputMode
		ADDED from AndroidManifest.xml:112:13
	android:screenOrientation
		ADDED from AndroidManifest.xml:110:13
	android:label
		ADDED from AndroidManifest.xml:109:13
	android:configChanges
		ADDED from AndroidManifest.xml:108:13
	android:theme
		ADDED from AndroidManifest.xml:111:13
	android:name
		ADDED from AndroidManifest.xml:107:13
activity#com.woyeyo.woyeyo.im.main.activity.AboutActivity
ADDED from AndroidManifest.xml:115:9
	android:windowSoftInputMode
		ADDED from AndroidManifest.xml:121:13
	android:screenOrientation
		ADDED from AndroidManifest.xml:119:13
	android:label
		ADDED from AndroidManifest.xml:118:13
	android:configChanges
		ADDED from AndroidManifest.xml:117:13
	android:theme
		ADDED from AndroidManifest.xml:120:13
	android:name
		ADDED from AndroidManifest.xml:116:13
activity#com.woyeyo.woyeyo.im.main.activity.SettingsActivity
ADDED from AndroidManifest.xml:123:9
	android:windowSoftInputMode
		ADDED from AndroidManifest.xml:127:13
	android:screenOrientation
		ADDED from AndroidManifest.xml:126:13
	android:configChanges
		ADDED from AndroidManifest.xml:125:13
	android:name
		ADDED from AndroidManifest.xml:124:13
activity#com.woyeyo.woyeyo.im.main.activity.NoDisturbActivity
ADDED from AndroidManifest.xml:129:9
	android:windowSoftInputMode
		ADDED from AndroidManifest.xml:133:13
	android:screenOrientation
		ADDED from AndroidManifest.xml:132:13
	android:configChanges
		ADDED from AndroidManifest.xml:131:13
	android:name
		ADDED from AndroidManifest.xml:130:13
activity#com.woyeyo.woyeyo.im.contact.activity.AddFriendActivity
ADDED from AndroidManifest.xml:135:9
	android:windowSoftInputMode
		ADDED from AndroidManifest.xml:139:13
	android:screenOrientation
		ADDED from AndroidManifest.xml:138:13
	android:configChanges
		ADDED from AndroidManifest.xml:137:13
	android:name
		ADDED from AndroidManifest.xml:136:13
activity#com.woyeyo.woyeyo.im.contact.activity.UserProfileActivity
ADDED from AndroidManifest.xml:141:9
	android:windowSoftInputMode
		ADDED from AndroidManifest.xml:145:13
	android:screenOrientation
		ADDED from AndroidManifest.xml:144:13
	android:configChanges
		ADDED from AndroidManifest.xml:143:13
	android:name
		ADDED from AndroidManifest.xml:142:13
activity#com.woyeyo.woyeyo.im.contact.activity.UserProfileSettingActivity
ADDED from AndroidManifest.xml:147:9
	android:windowSoftInputMode
		ADDED from AndroidManifest.xml:151:13
	android:screenOrientation
		ADDED from AndroidManifest.xml:150:13
	android:configChanges
		ADDED from AndroidManifest.xml:149:13
	android:name
		ADDED from AndroidManifest.xml:148:13
activity#com.woyeyo.woyeyo.im.contact.activity.UserProfileEditItemActivity
ADDED from AndroidManifest.xml:153:9
	android:windowSoftInputMode
		ADDED from AndroidManifest.xml:157:13
	android:screenOrientation
		ADDED from AndroidManifest.xml:156:13
	android:configChanges
		ADDED from AndroidManifest.xml:155:13
	android:name
		ADDED from AndroidManifest.xml:154:13
activity#com.woyeyo.woyeyo.im.contact.activity.BlackListActivity
ADDED from AndroidManifest.xml:159:9
	android:windowSoftInputMode
		ADDED from AndroidManifest.xml:163:13
	android:screenOrientation
		ADDED from AndroidManifest.xml:162:13
	android:configChanges
		ADDED from AndroidManifest.xml:161:13
	android:name
		ADDED from AndroidManifest.xml:160:13
activity#com.woyeyo.woyeyo.im.main.activity.EditNicknameActivity
ADDED from AndroidManifest.xml:165:9
	android:windowSoftInputMode
		ADDED from AndroidManifest.xml:169:13
	android:screenOrientation
		ADDED from AndroidManifest.xml:168:13
	android:configChanges
		ADDED from AndroidManifest.xml:167:13
	android:name
		ADDED from AndroidManifest.xml:166:13
activity#com.woyeyo.woyeyo.im.main.activity.SystemMessageActivity
ADDED from AndroidManifest.xml:181:9
	android:windowSoftInputMode
		ADDED from AndroidManifest.xml:186:13
	android:screenOrientation
		ADDED from AndroidManifest.xml:184:13
	android:configChanges
		ADDED from AndroidManifest.xml:183:13
	android:theme
		ADDED from AndroidManifest.xml:185:13
	android:name
		ADDED from AndroidManifest.xml:182:13
activity#com.woyeyo.woyeyo.im.main.activity.CustomNotificationActivity
ADDED from AndroidManifest.xml:187:9
	android:windowSoftInputMode
		ADDED from AndroidManifest.xml:192:13
	android:screenOrientation
		ADDED from AndroidManifest.xml:190:13
	android:configChanges
		ADDED from AndroidManifest.xml:189:13
	android:theme
		ADDED from AndroidManifest.xml:191:13
	android:name
		ADDED from AndroidManifest.xml:188:13
activity#com.woyeyo.woyeyo.im.session.activity.MessageHistoryActivity
ADDED from AndroidManifest.xml:193:9
	android:windowSoftInputMode
		ADDED from AndroidManifest.xml:198:13
	android:screenOrientation
		ADDED from AndroidManifest.xml:196:13
	android:configChanges
		ADDED from AndroidManifest.xml:195:13
	android:theme
		ADDED from AndroidManifest.xml:197:13
	android:name
		ADDED from AndroidManifest.xml:194:13
activity#com.woyeyo.woyeyo.im.session.activity.MessageInfoActivity
ADDED from AndroidManifest.xml:199:9
	android:windowSoftInputMode
		ADDED from AndroidManifest.xml:204:13
	android:screenOrientation
		ADDED from AndroidManifest.xml:202:13
	android:configChanges
		ADDED from AndroidManifest.xml:201:13
	android:theme
		ADDED from AndroidManifest.xml:203:13
	android:name
		ADDED from AndroidManifest.xml:200:13
activity#com.woyeyo.woyeyo.im.main.activity.GlobalSearchActivity
ADDED from AndroidManifest.xml:225:9
	android:windowSoftInputMode
		ADDED from AndroidManifest.xml:230:13
	android:screenOrientation
		ADDED from AndroidManifest.xml:228:13
	android:configChanges
		ADDED from AndroidManifest.xml:227:13
	android:theme
		ADDED from AndroidManifest.xml:229:13
	android:name
		ADDED from AndroidManifest.xml:226:13
activity#com.woyeyo.woyeyo.im.session.activity.WatchSnapChatPictureActivity
ADDED from AndroidManifest.xml:234:9
	android:configChanges
		ADDED from AndroidManifest.xml:236:13
	android:name
		ADDED from AndroidManifest.xml:235:13
activity#com.woyeyo.woyeyo.im.session.search.SearchMessageActivity
ADDED from AndroidManifest.xml:270:9
	android:windowSoftInputMode
		ADDED from AndroidManifest.xml:275:13
	android:screenOrientation
		ADDED from AndroidManifest.xml:273:13
	android:configChanges
		ADDED from AndroidManifest.xml:272:13
	android:theme
		ADDED from AndroidManifest.xml:274:13
	android:name
		ADDED from AndroidManifest.xml:271:13
activity#com.woyeyo.woyeyo.im.session.search.DisplayMessageActivity
ADDED from AndroidManifest.xml:277:9
	android:windowSoftInputMode
		ADDED from AndroidManifest.xml:282:13
	android:screenOrientation
		ADDED from AndroidManifest.xml:280:13
	android:configChanges
		ADDED from AndroidManifest.xml:279:13
	android:theme
		ADDED from AndroidManifest.xml:281:13
	android:name
		ADDED from AndroidManifest.xml:278:13
receiver#com.netease.nimlib.service.NimReceiver
ADDED from AndroidManifest.xml:288:9
	android:process
		ADDED from AndroidManifest.xml:291:13
	android:exported
		ADDED from AndroidManifest.xml:290:13
	android:name
		ADDED from AndroidManifest.xml:289:13
intent-filter#android.intent.action.BOOT_COMPLETED+android.net.conn.CONNECTIVITY_CHANGE
ADDED from AndroidManifest.xml:292:13
action#android.intent.action.BOOT_COMPLETED
ADDED from AndroidManifest.xml:293:17
	android:name
		ADDED from AndroidManifest.xml:293:25
action#android.net.conn.CONNECTIVITY_CHANGE
ADDED from AndroidManifest.xml:294:17
	android:name
		ADDED from AndroidManifest.xml:294:25
receiver#com.netease.nimlib.service.ResponseReceiver
ADDED from AndroidManifest.xml:299:9
	android:name
		ADDED from AndroidManifest.xml:299:19
service#com.netease.cosine.core.CosineService
ADDED from AndroidManifest.xml:302:9
	android:process
		ADDED from AndroidManifest.xml:304:13
	android:name
		ADDED from AndroidManifest.xml:303:13
receiver#com.netease.cosine.target.CosineReceiver
ADDED from AndroidManifest.xml:307:9
	android:process
		ADDED from AndroidManifest.xml:310:13
	android:exported
		ADDED from AndroidManifest.xml:309:13
	android:name
		ADDED from AndroidManifest.xml:308:13
meta-data#com.netease.cosine.target
ADDED from AndroidManifest.xml:313:9
	android:name
		ADDED from AndroidManifest.xml:314:13
	android:value
		ADDED from AndroidManifest.xml:315:13
meta-data#com.netease.cosine.target.receiver
ADDED from AndroidManifest.xml:316:9
	android:name
		ADDED from AndroidManifest.xml:317:13
	android:value
		ADDED from AndroidManifest.xml:318:13
activity#com.woyeyo.woyeyo.ui.Activity.ListViewShow
ADDED from AndroidManifest.xml:320:9
	android:name
		ADDED from AndroidManifest.xml:320:19
activity#com.woyeyo.woyeyo.ui.Activity.TradeSquareActivity
ADDED from AndroidManifest.xml:321:9
	android:name
		ADDED from AndroidManifest.xml:321:19
activity#com.woyeyo.woyeyo.ui.Activity.TestTradeSquare
ADDED from AndroidManifest.xml:322:9
	android:name
		ADDED from AndroidManifest.xml:322:19
activity#com.woyeyo.woyeyo.ui.Activity.TestFragmentActivity
ADDED from AndroidManifest.xml:323:9
	android:name
		ADDED from AndroidManifest.xml:323:19
activity#com.woyeyo.woyeyo.ui.Activity.TestImageLoader
ADDED from AndroidManifest.xml:324:9
	android:name
		ADDED from AndroidManifest.xml:324:19
activity#com.woyeyo.woyeyo.ui.Activity.AboutActivity
ADDED from AndroidManifest.xml:325:9
	android:name
		ADDED from AndroidManifest.xml:325:19
activity#com.woyeyo.woyeyo.ui.Activity.AccusationActivity
ADDED from AndroidManifest.xml:326:9
	android:name
		ADDED from AndroidManifest.xml:326:19
activity#com.woyeyo.woyeyo.ui.Activity.FeedbackActivity
ADDED from AndroidManifest.xml:327:9
	android:name
		ADDED from AndroidManifest.xml:327:19
activity#com.woyeyo.woyeyo.ui.Activity.GuaranteeInstructionActivity
ADDED from AndroidManifest.xml:328:9
	android:name
		ADDED from AndroidManifest.xml:328:19
activity#com.woyeyo.woyeyo.ui.Activity.UserInfoActivity
ADDED from AndroidManifest.xml:329:9
	android:name
		ADDED from AndroidManifest.xml:329:19
activity#com.woyeyo.woyeyo.ui.Activity.MainPageActivity
ADDED from AndroidManifest.xml:330:9
	android:name
		ADDED from AndroidManifest.xml:330:19
activity#com.woyeyo.woyeyo.ui.Activity.TestActivity
ADDED from AndroidManifest.xml:331:9
	android:name
		ADDED from AndroidManifest.xml:331:19
activity#com.woyeyo.woyeyo.ui.Activity.TestCouponListViewFragment
ADDED from AndroidManifest.xml:332:9
	android:name
		ADDED from AndroidManifest.xml:332:19
activity#com.woyeyo.woyeyo.ui.Activity.TestBaseListViewFragmentActivity
ADDED from AndroidManifest.xml:333:9
	android:name
		ADDED from AndroidManifest.xml:333:19
activity#com.woyeyo.woyeyo.ui.Activity.TestDrawerActivity
ADDED from AndroidManifest.xml:334:9
	android:name
		ADDED from AndroidManifest.xml:334:19
activity#com.woyeyo.woyeyo.ui.Activity.TestWholeMainPAGE
ADDED from AndroidManifest.xml:335:9
	android:name
		ADDED from AndroidManifest.xml:335:19
activity#com.woyeyo.woyeyo.ui.Activity.CategoryCouponActivity
ADDED from AndroidManifest.xml:337:9
	android:name
		ADDED from AndroidManifest.xml:337:19
activity#com.woyeyo.woyeyo.ui.Activity.WholeMainPage
ADDED from AndroidManifest.xml:338:9
	android:name
		ADDED from AndroidManifest.xml:338:19
intent-filter#android.intent.action.MAIN+android.intent.category.LAUNCHER
ADDED from AndroidManifest.xml:339:13
uses-sdk
INJECTED from AndroidManifest.xml:0:0 reason: use-sdk injection requested
MERGED from com.melnykov:floatingactionbutton:1.3.0:8:5
MERGED from com.android.support:recyclerview-v7:23.1.1:20:5
MERGED from com.android.support:support-v4:23.2.0:20:5
MERGED from com.mikepenz:materialdrawer:5.0.4:8:5
MERGED from com.android.support:appcompat-v7:23.1.1:20:5
MERGED from com.android.support:support-v4:23.2.0:20:5
MERGED from com.mikepenz:materialize:0.8.2:8:5
MERGED from com.android.support:appcompat-v7:23.1.1:20:5
MERGED from com.android.support:support-v4:23.2.0:20:5
MERGED from com.mikepenz:fastadapter:1.1.1:8:5
MERGED from com.android.support:appcompat-v7:23.1.1:20:5
MERGED from com.android.support:support-v4:23.2.0:20:5
MERGED from com.android.support:recyclerview-v7:23.1.1:20:5
MERGED from com.android.support:support-v4:23.2.0:20:5
MERGED from com.mikepenz:iconics-core:2.5.7:8:5
MERGED from com.android.support:appcompat-v7:23.1.1:20:5
MERGED from com.android.support:support-v4:23.2.0:20:5
MERGED from com.android.support:recyclerview-v7:23.1.1:20:5
MERGED from com.android.support:support-v4:23.2.0:20:5
MERGED from com.android.support:design:23.1.1:20:5
MERGED from com.android.support:appcompat-v7:23.1.1:20:5
MERGED from com.android.support:support-v4:23.2.0:20:5
MERGED from com.android.support:recyclerview-v7:23.1.1:20:5
MERGED from com.android.support:support-v4:23.2.0:20:5
MERGED from com.android.support:support-v4:23.2.0:20:5
MERGED from com.android.support:appcompat-v7:23.1.1:20:5
MERGED from com.android.support:support-v4:23.2.0:20:5
MERGED from com.bigkoo:convenientbanner:2.0.5:7:5
MERGED from com.android.support:appcompat-v7:23.1.1:20:5
MERGED from com.android.support:support-v4:23.2.0:20:5
MERGED from in.srain.cube:ultra-ptr:1.0.11:7:5
MERGED from com.jakewharton.timber:timber:4.1.1:6:5
MERGED from com.android.support:support-v4:23.2.0:20:5
MERGED from WoYeYo:uikit:unspecified:5:5
MERGED from com.android.support:appcompat-v7:23.1.1:20:5
MERGED from com.android.support:support-v4:23.2.0:20:5
	android:targetSdkVersion
		INJECTED from AndroidManifest.xml:0:0
		INJECTED from AndroidManifest.xml:0:0
	android:minSdkVersion
		INJECTED from AndroidManifest.xml:0:0
		INJECTED from AndroidManifest.xml:0:0
activity#com.netease.nim.uikit.session.activity.P2PMessageActivity
ADDED from WoYeYo:uikit:unspecified:16:9
	android:windowSoftInputMode
		ADDED from WoYeYo:uikit:unspecified:20:13
	android:screenOrientation
		ADDED from WoYeYo:uikit:unspecified:19:13
	android:configChanges
		ADDED from WoYeYo:uikit:unspecified:18:13
	android:name
		ADDED from WoYeYo:uikit:unspecified:17:13
activity#com.netease.nim.uikit.session.activity.TeamMessageActivity
ADDED from WoYeYo:uikit:unspecified:21:9
	android:windowSoftInputMode
		ADDED from WoYeYo:uikit:unspecified:25:13
	android:screenOrientation
		ADDED from WoYeYo:uikit:unspecified:24:13
	android:configChanges
		ADDED from WoYeYo:uikit:unspecified:23:13
	android:name
		ADDED from WoYeYo:uikit:unspecified:22:13
activity#com.netease.nim.uikit.team.activity.NormalTeamInfoActivity
ADDED from WoYeYo:uikit:unspecified:28:9
	android:windowSoftInputMode
		ADDED from WoYeYo:uikit:unspecified:32:13
	android:screenOrientation
		ADDED from WoYeYo:uikit:unspecified:31:13
	android:configChanges
		ADDED from WoYeYo:uikit:unspecified:30:13
	android:name
		ADDED from WoYeYo:uikit:unspecified:29:13
activity#com.netease.nim.uikit.team.activity.AdvancedTeamInfoActivity
ADDED from WoYeYo:uikit:unspecified:33:9
	android:windowSoftInputMode
		ADDED from WoYeYo:uikit:unspecified:37:13
	android:screenOrientation
		ADDED from WoYeYo:uikit:unspecified:36:13
	android:configChanges
		ADDED from WoYeYo:uikit:unspecified:35:13
	android:name
		ADDED from WoYeYo:uikit:unspecified:34:13
activity#com.netease.nim.uikit.team.activity.AdvancedTeamMemberActivity
ADDED from WoYeYo:uikit:unspecified:38:9
	android:windowSoftInputMode
		ADDED from WoYeYo:uikit:unspecified:42:13
	android:screenOrientation
		ADDED from WoYeYo:uikit:unspecified:41:13
	android:configChanges
		ADDED from WoYeYo:uikit:unspecified:40:13
	android:name
		ADDED from WoYeYo:uikit:unspecified:39:13
activity#com.netease.nim.uikit.team.activity.AdvancedTeamAnnounceActivity
ADDED from WoYeYo:uikit:unspecified:43:9
	android:windowSoftInputMode
		ADDED from WoYeYo:uikit:unspecified:47:13
	android:screenOrientation
		ADDED from WoYeYo:uikit:unspecified:46:13
	android:configChanges
		ADDED from WoYeYo:uikit:unspecified:45:13
	android:name
		ADDED from WoYeYo:uikit:unspecified:44:13
activity#com.netease.nim.uikit.team.activity.AdvancedTeamMemberInfoActivity
ADDED from WoYeYo:uikit:unspecified:48:9
	android:windowSoftInputMode
		ADDED from WoYeYo:uikit:unspecified:52:13
	android:screenOrientation
		ADDED from WoYeYo:uikit:unspecified:51:13
	android:configChanges
		ADDED from WoYeYo:uikit:unspecified:50:13
	android:name
		ADDED from WoYeYo:uikit:unspecified:49:13
activity#com.netease.nim.uikit.team.activity.AdvancedTeamNicknameActivity
ADDED from WoYeYo:uikit:unspecified:53:9
	android:windowSoftInputMode
		ADDED from WoYeYo:uikit:unspecified:57:13
	android:screenOrientation
		ADDED from WoYeYo:uikit:unspecified:56:13
	android:configChanges
		ADDED from WoYeYo:uikit:unspecified:55:13
	android:name
		ADDED from WoYeYo:uikit:unspecified:54:13
activity#com.netease.nim.uikit.team.activity.AdvancedTeamCreateActivity
ADDED from WoYeYo:uikit:unspecified:58:9
	android:windowSoftInputMode
		ADDED from WoYeYo:uikit:unspecified:62:13
	android:screenOrientation
		ADDED from WoYeYo:uikit:unspecified:61:13
	android:configChanges
		ADDED from WoYeYo:uikit:unspecified:60:13
	android:name
		ADDED from WoYeYo:uikit:unspecified:59:13
activity#com.netease.nim.uikit.team.activity.AdvancedTeamCreateAnnounceActivity
ADDED from WoYeYo:uikit:unspecified:63:9
	android:windowSoftInputMode
		ADDED from WoYeYo:uikit:unspecified:67:13
	android:screenOrientation
		ADDED from WoYeYo:uikit:unspecified:66:13
	android:configChanges
		ADDED from WoYeYo:uikit:unspecified:65:13
	android:name
		ADDED from WoYeYo:uikit:unspecified:64:13
activity#com.netease.nim.uikit.team.activity.TeamPropertySettingActivity
ADDED from WoYeYo:uikit:unspecified:68:9
	android:windowSoftInputMode
		ADDED from WoYeYo:uikit:unspecified:72:13
	android:screenOrientation
		ADDED from WoYeYo:uikit:unspecified:71:13
	android:configChanges
		ADDED from WoYeYo:uikit:unspecified:70:13
	android:name
		ADDED from WoYeYo:uikit:unspecified:69:13
activity#com.netease.nim.uikit.contact_selector.activity.ContactSelectActivity
ADDED from WoYeYo:uikit:unspecified:75:9
	android:windowSoftInputMode
		ADDED from WoYeYo:uikit:unspecified:80:13
	android:screenOrientation
		ADDED from WoYeYo:uikit:unspecified:79:13
	android:label
		ADDED from WoYeYo:uikit:unspecified:78:13
	android:configChanges
		ADDED from WoYeYo:uikit:unspecified:77:13
	android:name
		ADDED from WoYeYo:uikit:unspecified:76:13
activity#com.netease.nim.uikit.common.media.picker.activity.PickImageActivity
ADDED from WoYeYo:uikit:unspecified:83:9
	android:screenOrientation
		ADDED from WoYeYo:uikit:unspecified:85:13
	android:name
		ADDED from WoYeYo:uikit:unspecified:84:13
activity#com.netease.nim.uikit.common.media.picker.activity.CropImageActivity
ADDED from WoYeYo:uikit:unspecified:86:9
	android:screenOrientation
		ADDED from WoYeYo:uikit:unspecified:88:13
	android:name
		ADDED from WoYeYo:uikit:unspecified:87:13
activity#com.netease.nim.uikit.common.media.picker.activity.PickerAlbumActivity
ADDED from WoYeYo:uikit:unspecified:89:9
	android:screenOrientation
		ADDED from WoYeYo:uikit:unspecified:91:13
	android:name
		ADDED from WoYeYo:uikit:unspecified:90:13
activity#com.netease.nim.uikit.common.media.picker.activity.PickerAlbumPreviewActivity
ADDED from WoYeYo:uikit:unspecified:92:9
	android:screenOrientation
		ADDED from WoYeYo:uikit:unspecified:94:13
	android:name
		ADDED from WoYeYo:uikit:unspecified:93:13
activity#com.netease.nim.uikit.common.media.picker.activity.PreviewImageFromLocalActivity
ADDED from WoYeYo:uikit:unspecified:95:9
	android:windowSoftInputMode
		ADDED from WoYeYo:uikit:unspecified:99:13
	android:screenOrientation
		ADDED from WoYeYo:uikit:unspecified:98:13
	android:configChanges
		ADDED from WoYeYo:uikit:unspecified:97:13
	android:name
		ADDED from WoYeYo:uikit:unspecified:96:13
activity#com.netease.nim.uikit.common.media.picker.activity.PreviewImageFromCameraActivity
ADDED from WoYeYo:uikit:unspecified:100:9
	android:windowSoftInputMode
		ADDED from WoYeYo:uikit:unspecified:105:13
	android:screenOrientation
		ADDED from WoYeYo:uikit:unspecified:104:13
	android:label
		ADDED from WoYeYo:uikit:unspecified:103:13
	android:configChanges
		ADDED from WoYeYo:uikit:unspecified:102:13
	android:name
		ADDED from WoYeYo:uikit:unspecified:101:13
activity#com.netease.nim.uikit.session.activity.CaptureVideoActivity
ADDED from WoYeYo:uikit:unspecified:108:9
	android:windowSoftInputMode
		ADDED from WoYeYo:uikit:unspecified:112:13
	android:screenOrientation
		ADDED from WoYeYo:uikit:unspecified:111:13
	android:configChanges
		ADDED from WoYeYo:uikit:unspecified:110:13
	android:name
		ADDED from WoYeYo:uikit:unspecified:109:13
activity#com.netease.nim.uikit.session.activity.WatchVideoActivity
ADDED from WoYeYo:uikit:unspecified:113:9
	android:label
		ADDED from WoYeYo:uikit:unspecified:116:13
	android:configChanges
		ADDED from WoYeYo:uikit:unspecified:115:13
	android:theme
		ADDED from WoYeYo:uikit:unspecified:117:13
	android:name
		ADDED from WoYeYo:uikit:unspecified:114:13
activity#com.netease.nim.uikit.session.activity.WatchMessagePictureActivity
ADDED from WoYeYo:uikit:unspecified:120:9
	android:configChanges
		ADDED from WoYeYo:uikit:unspecified:122:13
	android:name
		ADDED from WoYeYo:uikit:unspecified:121:13